<?xml version="1.0" encoding="UTF-8"?>
<!-- Generated by org.testng.reporters.JUnitXMLReporter -->
<testsuite ignored="0" hostname="sowjanya" failures="2" tests="2" name="Test12" time="0.059" errors="0" timestamp="2022-11-01T21:39:54 IST">
  <testcase classname="Cross_Browesing.NewTest_Cross_Browese" name="setUp" time="0.0">
    <failure type="org.testng.TestNGException" message="
Parameter &amp;apos;browser&amp;apos; is required by @Test on method setUp but has not been marked @Optional or defined
in C:\Users\Soujanya\eclipse-workspace\Maven_Online_Project\testng.xml">
      <![CDATA[org.testng.TestNGException: 
Parameter 'browser' is required by @Test on method setUp but has not been marked @Optional or defined
in C:\Users\Soujanya\eclipse-workspace\Maven_Online_Project\testng.xml
at java.base/java.util.ArrayList.forEach(ArrayList.java:1511)
... Removed 26 stack frames]]>
    </failure>
  </testcase> <!-- setUp -->
  <testcase classname="Cross_Browesing.NewTest_Cross_Browese" name="Test" time="0.005">
    <failure type="java.lang.NullPointerException" message="Cannot invoke &amp;quot;org.openqa.selenium.WebDriver.get(String)&amp;quot; because &amp;quot;Cross_Browesing.NewTest_Cross_Browese.driver&amp;quot; is null">
      <![CDATA[java.lang.NullPointerException: Cannot invoke "org.openqa.selenium.WebDriver.get(String)" because "Cross_Browesing.NewTest_Cross_Browese.driver" is null
at Cross_Browesing.NewTest_Cross_Browese.Test(NewTest_Cross_Browese.java:47)
at java.base/java.util.ArrayList.forEach(ArrayList.java:1511)
... Removed 25 stack frames]]>
    </failure>
  </testcase> <!-- Test -->
</testsuite> <!-- Test12 -->
